\BOOKMARK [1][-]{section.1}{Overview}{}% 1
\BOOKMARK [1][-]{section.2}{Computation and Annotation}{}% 2
\BOOKMARK [2][-]{subsection.2.1}{Computing Venn drawings}{section.2}% 3
\BOOKMARK [2][-]{subsection.2.2}{Annotation parameters}{section.2}% 4
\BOOKMARK [2][-]{subsection.2.3}{Graphical parameters}{section.2}% 5
\BOOKMARK [1][-]{section.3}{Unweighted Venn diagrams}{}% 6
\BOOKMARK [2][-]{subsection.3.1}{Unweighted 2-set Venn diagrams}{section.3}% 7
\BOOKMARK [2][-]{subsection.3.2}{Unweighted 3-set Venn diagrams}{section.3}% 8
\BOOKMARK [2][-]{subsection.3.3}{Unweighted 4-set Venn diagrams}{section.3}% 9
\BOOKMARK [2][-]{subsection.3.4}{Unweighted Venn diagrams on more than four sets}{section.3}% 10
\BOOKMARK [1][-]{section.4}{Weighted Venn diagrams}{}% 11
\BOOKMARK [2][-]{subsection.4.1}{Weighted 2-set Venn diagrams for 2 Sets}{section.4}% 12
\BOOKMARK [3][-]{subsubsection.4.1.1}{Circles}{subsection.4.1}% 13
\BOOKMARK [3][-]{subsubsection.4.1.2}{Squares}{subsection.4.1}% 14
\BOOKMARK [2][-]{subsection.4.2}{Weighted 3-set Venn diagrams}{section.4}% 15
\BOOKMARK [3][-]{subsubsection.4.2.1}{Circles}{subsection.4.2}% 16
\BOOKMARK [3][-]{subsubsection.4.2.2}{Squares}{subsection.4.2}% 17
\BOOKMARK [3][-]{subsubsection.4.2.3}{Triangles}{subsection.4.2}% 18
\BOOKMARK [2][-]{subsection.4.3}{Chow-Ruskey diagrams for 3 or more sets}{section.4}% 19
\BOOKMARK [1][-]{section.5}{Euler diagrams}{}% 20
\BOOKMARK [2][-]{subsection.5.1}{2-set Euler diagrams}{section.5}% 21
\BOOKMARK [3][-]{subsubsection.5.1.1}{Circles}{subsection.5.1}% 22
\BOOKMARK [3][-]{subsubsection.5.1.2}{Squares}{subsection.5.1}% 23
\BOOKMARK [2][-]{subsection.5.2}{3-set Euler diagrams}{section.5}% 24
\BOOKMARK [3][-]{subsubsection.5.2.1}{Circles}{subsection.5.2}% 25
\BOOKMARK [3][-]{subsubsection.5.2.2}{Triangles}{subsection.5.2}% 26
\BOOKMARK [2][-]{subsection.5.3}{4-set Euler diagrams}{section.5}% 27
\BOOKMARK [3][-]{subsubsection.5.3.1}{Chow-Ruskey diagrams}{subsection.5.3}% 28
\BOOKMARK [1][-]{section.6}{Some loose definitions}{}% 29
\BOOKMARK [1][-]{section.7}{This document}{}% 30
